2026-03-10 23:55:09 INFO: (log.py): Logging setup complete.

2026-03-10 23:55:09 INFO: (accelerometer.py): Accelerometer initialized successfully.

2026-03-10 23:55:09 INFO: (camera.py): Successfully killed existing camera processes.

2026-03-10 23:55:10 INFO: (camera.py): Camera initialized successfully with PID 3568.

2026-03-10 23:55:10 INFO: (internet.py): Connected to website backend.

2026-03-10 23:55:10 INFO: (internet.py): Command queue initialized successfully.

2026-03-10 23:55:10 INFO: (maestro.py): Successfully established connection with maestro.

2026-03-10 23:55:10 INFO: (maestro.py): Successfully initialized maestro with baud rate.

2026-03-10 23:55:10 INFO: (maestro.py): Disabled all servos at startup.

2026-03-10 23:55:10 INFO: (opencv.py): Closed lingering OpenCV windows.

2026-03-10 23:55:12 INFO: (opencv.py): Model loaded and compiled on MYRIAD.

2026-03-10 23:55:12 INFO: (opencv.py): Dummy input test passed.

2026-03-10 23:55:12 INFO: (physical_joints.py): Moving all legs to neutral position on physical robot...

2026-03-10 23:55:58 WARNING: (internet.py): Encountering thread issues (thread exiting)!

2026-03-10 23:55:58 INFO: (control_logic.py): Received command 'w' from queue (WILL RUN).

2026-03-10 23:55:58 INFO: (inference) orientation (accel+gyro): [0.134765625, 0.02685546875, -1.10107421875, 0.6335877862595419, -0.2595419847328244, 0.22900763358778625]
2026-03-10 23:55:58 ERROR: (inference.py): Failed to run blind gait adjustment: The input blob size is not equal to the network input size: got 97 expecting 48
2026-03-10 23:55:58 ERROR: (movement_coordinator.py): Failed to run AI for command: 'FL'

2026-03-10 23:55:58 INFO: (physical_joints.py): Moving all legs to neutral position on physical robot...

2026-03-10 23:55:58 WARNING: (internet.py): Encountering thread issues (thread exiting)!

2026-03-10 23:55:58 INFO: (control_logic.py): Received command 'w' from queue (WILL RUN).

2026-03-10 23:55:58 INFO: (inference) orientation (accel+gyro): [0.1357421875, 0.03759765625, -1.095947265625, 0.4198473282442748, -0.3893129770992366, -0.06870229007633588]
2026-03-10 23:55:58 ERROR: (inference.py): Failed to run blind gait adjustment: The input blob size is not equal to the network input size: got 97 expecting 48
2026-03-10 23:55:58 ERROR: (movement_coordinator.py): Failed to run AI for command: 'FL'

2026-03-10 23:55:58 WARNING: (internet.py): Encountering thread issues (thread exiting)!

2026-03-10 23:55:58 INFO: (control_logic.py): Received command 'w' from queue (WILL RUN).

2026-03-10 23:55:58 INFO: (inference) orientation (accel+gyro): [0.14794921875, 0.0517578125, -1.11083984375, -0.05343511450381679, -0.3053435114503817, 0.2900763358778626]
2026-03-10 23:55:58 ERROR: (inference.py): Failed to run blind gait adjustment: The input blob size is not equal to the network input size: got 97 expecting 48
2026-03-10 23:55:58 ERROR: (movement_coordinator.py): Failed to run AI for command: 'FL'

2026-03-10 23:55:58 WARNING: (internet.py): Encountering thread issues (thread exiting)!

2026-03-10 23:55:58 INFO: (control_logic.py): Received command 'w' from queue (BLOCKED).

2026-03-10 23:55:58 INFO: (physical_joints.py): Moving all legs to neutral position on physical robot...

2026-03-10 23:55:58 WARNING: (internet.py): Encountering thread issues (thread exiting)!

2026-03-10 23:55:58 INFO: (control_logic.py): Received command 'w' from queue (WILL RUN).

2026-03-10 23:55:58 INFO: (inference) orientation (accel+gyro): [0.15625, 0.089599609375, -1.091552734375, 0.0916030534351145, 0.5267175572519084, 1.465648854961832]
2026-03-10 23:55:58 ERROR: (inference.py): Failed to run blind gait adjustment: The input blob size is not equal to the network input size: got 97 expecting 48
2026-03-10 23:55:58 ERROR: (movement_coordinator.py): Failed to run AI for command: 'FL'

2026-03-10 23:55:58 WARNING: (internet.py): Encountering thread issues (thread exiting)!

2026-03-10 23:55:58 INFO: (control_logic.py): Received command 'w' from queue (WILL RUN).

2026-03-10 23:55:58 INFO: (inference) orientation (accel+gyro): [0.160888671875, -0.00927734375, -1.09619140625, -0.3282442748091603, -0.42748091603053434, 1.7099236641221374]
2026-03-10 23:55:58 ERROR: (inference.py): Failed to run blind gait adjustment: The input blob size is not equal to the network input size: got 97 expecting 48
2026-03-10 23:55:58 ERROR: (movement_coordinator.py): Failed to run AI for command: 'FL'

2026-03-10 23:55:58 WARNING: (internet.py): Encountering thread issues (thread exiting)!

2026-03-10 23:55:59 INFO: (control_logic.py): Received command 'w' from queue (WILL RUN).

2026-03-10 23:55:59 INFO: (inference) orientation (accel+gyro): [0.16064453125, -0.093017578125, -1.108642578125, -0.12213740458015267, -0.6793893129770993, 2.0610687022900764]
2026-03-10 23:55:59 ERROR: (inference.py): Failed to run blind gait adjustment: The input blob size is not equal to the network input size: got 97 expecting 48
2026-03-10 23:55:59 ERROR: (movement_coordinator.py): Failed to run AI for command: 'FL'

2026-03-10 23:55:59 WARNING: (internet.py): Encountering thread issues (thread exiting)!

2026-03-10 23:55:59 INFO: (control_logic.py): Received command 'w' from queue (WILL RUN).

2026-03-10 23:55:59 INFO: (inference) orientation (accel+gyro): [0.2001953125, -0.137451171875, -1.11474609375, 0.6030534351145038, 1.3587786259541985, 1.5419847328244274]
2026-03-10 23:55:59 ERROR: (inference.py): Failed to run blind gait adjustment: The input blob size is not equal to the network input size: got 97 expecting 48
2026-03-10 23:55:59 ERROR: (movement_coordinator.py): Failed to run AI for command: 'FL'

2026-03-10 23:55:59 WARNING: (internet.py): Encountering thread issues (thread exiting)!

2026-03-10 23:55:59 INFO: (control_logic.py): Received command 'w' from queue (WILL RUN).

2026-03-10 23:55:59 INFO: (inference) orientation (accel+gyro): [0.1953125, -0.15673828125, -1.074951171875, 0.7022900763358778, 0.48091603053435117, 2.0610687022900764]
2026-03-10 23:55:59 ERROR: (inference.py): Failed to run blind gait adjustment: The input blob size is not equal to the network input size: got 97 expecting 48
2026-03-10 23:55:59 ERROR: (movement_coordinator.py): Failed to run AI for command: 'FL'

2026-03-10 23:55:59 WARNING: (internet.py): Encountering thread issues (thread exiting)!

2026-03-10 23:55:59 INFO: (control_logic.py): Received command 'w' from queue (WILL RUN).

2026-03-10 23:55:59 INFO: (inference) orientation (accel+gyro): [0.191650390625, -0.144287109375, -1.118408203125, -1.2366412213740459, -0.13740458015267176, 0.0916030534351145]
2026-03-10 23:55:59 ERROR: (inference.py): Failed to run blind gait adjustment: The input blob size is not equal to the network input size: got 97 expecting 48
2026-03-10 23:55:59 ERROR: (movement_coordinator.py): Failed to run AI for command: 'FL'

2026-03-10 23:55:59 WARNING: (internet.py): Encountering thread issues (thread exiting)!

2026-03-10 23:55:59 INFO: (control_logic.py): Received command 'w' from queue (BLOCKED).

2026-03-10 23:55:59 INFO: (physical_joints.py): Moving all legs to neutral position on physical robot...

2026-03-10 23:55:59 WARNING: (internet.py): Encountering thread issues (thread exiting)!

2026-03-10 23:55:59 INFO: (control_logic.py): Received command 'w' from queue (WILL RUN).

2026-03-10 23:55:59 INFO: (inference) orientation (accel+gyro): [0.16552734375, 0.029541015625, -1.119140625, 4.847328244274809, 2.8244274809160306, -2.572519083969466]
2026-03-10 23:55:59 ERROR: (inference.py): Failed to run blind gait adjustment: The input blob size is not equal to the network input size: got 97 expecting 48
2026-03-10 23:55:59 ERROR: (movement_coordinator.py): Failed to run AI for command: 'FL'

2026-03-10 23:55:59 WARNING: (internet.py): Encountering thread issues (thread exiting)!

2026-03-10 23:55:59 INFO: (control_logic.py): Received command 'w' from queue (WILL RUN).

2026-03-10 23:55:59 INFO: (inference) orientation (accel+gyro): [0.216796875, 0.016357421875, -1.109619140625, 1.1068702290076335, -3.2748091603053435, -2.648854961832061]
2026-03-10 23:55:59 ERROR: (inference.py): Failed to run blind gait adjustment: The input blob size is not equal to the network input size: got 97 expecting 48
2026-03-10 23:55:59 ERROR: (movement_coordinator.py): Failed to run AI for command: 'FL'

2026-03-10 23:55:59 WARNING: (internet.py): Encountering thread issues (thread exiting)!

2026-03-10 23:55:59 INFO: (control_logic.py): Received command 'w' from queue (BLOCKED).

2026-03-10 23:55:59 INFO: (physical_joints.py): Moving all legs to neutral position on physical robot...

2026-03-10 23:55:59 WARNING: (internet.py): Encountering thread issues (thread exiting)!

2026-03-10 23:55:59 INFO: (control_logic.py): Received command 'w' from queue (WILL RUN).

2026-03-10 23:55:59 INFO: (inference) orientation (accel+gyro): [0.160888671875, 0.12841796875, -1.0966796875, -0.24427480916030533, 6.526717557251908, 0.9465648854961832]
2026-03-10 23:55:59 ERROR: (inference.py): Failed to run blind gait adjustment: The input blob size is not equal to the network input size: got 97 expecting 48
2026-03-10 23:55:59 ERROR: (movement_coordinator.py): Failed to run AI for command: 'FL'

2026-03-10 23:55:59 WARNING: (internet.py): Encountering thread issues (thread exiting)!

2026-03-10 23:55:59 INFO: (control_logic.py): Received command 'w' from queue (WILL RUN).

2026-03-10 23:55:59 INFO: (inference) orientation (accel+gyro): [0.302490234375, 0.24462890625, -1.06494140625, -2.7480916030534353, 1.4961832061068703, -1.2900763358778626]
2026-03-10 23:55:59 ERROR: (inference.py): Failed to run blind gait adjustment: The input blob size is not equal to the network input size: got 97 expecting 48
2026-03-10 23:55:59 ERROR: (movement_coordinator.py): Failed to run AI for command: 'FL'

2026-03-10 23:55:59 WARNING: (internet.py): Encountering thread issues (thread exiting)!

2026-03-10 23:55:59 INFO: (control_logic.py): Received command 'n' from queue (BLOCKED).

2026-03-10 23:56:00 INFO: (physical_joints.py): Moving all legs to neutral position on physical robot...

2026-03-10 23:56:01 WARNING: (internet.py): Encountering thread issues (thread exiting)!

2026-03-10 23:56:01 INFO: (control_logic.py): Received command 'w' from queue (WILL RUN).

2026-03-10 23:56:01 INFO: (inference) orientation (accel+gyro): [0.16259765625, -0.088134765625, -1.092041015625, -0.5343511450381679, -1.3511450381679388, 1.916030534351145]
2026-03-10 23:56:01 ERROR: (inference.py): Failed to run blind gait adjustment: The input blob size is not equal to the network input size: got 97 expecting 48
2026-03-10 23:56:01 ERROR: (movement_coordinator.py): Failed to run AI for command: 'FL'

2026-03-10 23:56:01 WARNING: (internet.py): Encountering thread issues (thread exiting)!

2026-03-10 23:56:01 INFO: (control_logic.py): Received command 'w' from queue (WILL RUN).

2026-03-10 23:56:01 INFO: (inference) orientation (accel+gyro): [0.162841796875, -0.0859375, -1.06591796875, -0.7480916030534351, -0.4961832061068702, 0.2900763358778626]
2026-03-10 23:56:01 ERROR: (inference.py): Failed to run blind gait adjustment: The input blob size is not equal to the network input size: got 97 expecting 48
2026-03-10 23:56:01 ERROR: (movement_coordinator.py): Failed to run AI for command: 'FL'

2026-03-10 23:56:01 WARNING: (internet.py): Encountering thread issues (thread exiting)!

2026-03-10 23:56:01 INFO: (control_logic.py): Received command 'w' from queue (WILL RUN).

2026-03-10 23:56:01 INFO: (inference) orientation (accel+gyro): [0.1796875, -0.112060546875, -1.069580078125, 0.015267175572519083, -0.5038167938931297, 1.7328244274809161]
2026-03-10 23:56:01 ERROR: (inference.py): Failed to run blind gait adjustment: The input blob size is not equal to the network input size: got 97 expecting 48
2026-03-10 23:56:01 ERROR: (movement_coordinator.py): Failed to run AI for command: 'FL'

2026-03-10 23:56:01 WARNING: (internet.py): Encountering thread issues (thread exiting)!

2026-03-10 23:56:01 INFO: (control_logic.py): Received command 'w' from queue (WILL RUN).

2026-03-10 23:56:01 INFO: (inference) orientation (accel+gyro): [0.16650390625, -0.15234375, -1.140869140625, 2.198473282442748, 0.7938931297709924, 1.5725190839694656]
2026-03-10 23:56:01 ERROR: (inference.py): Failed to run blind gait adjustment: The input blob size is not equal to the network input size: got 97 expecting 48
2026-03-10 23:56:01 ERROR: (movement_coordinator.py): Failed to run AI for command: 'FL'

2026-03-10 23:56:02 WARNING: (internet.py): Encountering thread issues (thread exiting)!

2026-03-10 23:56:02 INFO: (control_logic.py): Received command 'w' from queue (WILL RUN).

2026-03-10 23:56:02 INFO: (inference) orientation (accel+gyro): [0.2431640625, -0.18505859375, -1.120849609375, 1.7251908396946565, 2.8702290076335877, 1.083969465648855]
2026-03-10 23:56:02 ERROR: (inference.py): Failed to run blind gait adjustment: The input blob size is not equal to the network input size: got 97 expecting 48
2026-03-10 23:56:02 ERROR: (movement_coordinator.py): Failed to run AI for command: 'FL'

2026-03-10 23:56:02 WARNING: (internet.py): Encountering thread issues (thread exiting)!

2026-03-10 23:56:02 INFO: (control_logic.py): Received command 'w' from queue (WILL RUN).

2026-03-10 23:56:02 INFO: (inference) orientation (accel+gyro): [0.223876953125, -0.097900390625, -1.0703125, -1.8091603053435115, -2.0916030534351147, 2.2900763358778624]
2026-03-10 23:56:02 ERROR: (inference.py): Failed to run blind gait adjustment: The input blob size is not equal to the network input size: got 97 expecting 48
2026-03-10 23:56:02 ERROR: (movement_coordinator.py): Failed to run AI for command: 'FL'

2026-03-10 23:56:02 WARNING: (internet.py): Encountering thread issues (thread exiting)!

2026-03-10 23:56:02 INFO: (control_logic.py): Received command 'w' from queue (WILL RUN).

2026-03-10 23:56:02 INFO: (inference) orientation (accel+gyro): [0.152099609375, -0.119384765625, -1.09912109375, 2.480916030534351, -3.0, 1.015267175572519]
2026-03-10 23:56:02 ERROR: (inference.py): Failed to run blind gait adjustment: The input blob size is not equal to the network input size: got 97 expecting 48
2026-03-10 23:56:02 ERROR: (movement_coordinator.py): Failed to run AI for command: 'FL'

2026-03-10 23:56:02 WARNING: (internet.py): Encountering thread issues (thread exiting)!

2026-03-10 23:56:02 INFO: (control_logic.py): Received command 'w' from queue (WILL RUN).

2026-03-10 23:56:02 INFO: (inference) orientation (accel+gyro): [0.12060546875, -0.130615234375, -1.116943359375, 0.4961832061068702, 2.8625954198473282, 0.0]
2026-03-10 23:56:02 ERROR: (inference.py): Failed to run blind gait adjustment: The input blob size is not equal to the network input size: got 97 expecting 48
2026-03-10 23:56:02 ERROR: (movement_coordinator.py): Failed to run AI for command: 'FL'

2026-03-10 23:56:02 WARNING: (internet.py): Encountering thread issues (thread exiting)!

2026-03-10 23:56:02 INFO: (control_logic.py): Received command 'w' from queue (WILL RUN).

2026-03-10 23:56:02 INFO: (inference) orientation (accel+gyro): [0.17724609375, -0.09716796875, -1.097900390625, -0.2748091603053435, 1.7251908396946565, 1.549618320610687]
2026-03-10 23:56:02 ERROR: (inference.py): Failed to run blind gait adjustment: The input blob size is not equal to the network input size: got 97 expecting 48
2026-03-10 23:56:02 ERROR: (movement_coordinator.py): Failed to run AI for command: 'FL'

2026-03-10 23:56:02 WARNING: (internet.py): Encountering thread issues (thread exiting)!

2026-03-10 23:56:02 INFO: (control_logic.py): Received command 'w' from queue (WILL RUN).

2026-03-10 23:56:02 INFO: (inference) orientation (accel+gyro): [0.171875, -0.0380859375, -1.07080078125, 0.5343511450381679, -0.4732824427480916, -0.4122137404580153]
2026-03-10 23:56:02 ERROR: (inference.py): Failed to run blind gait adjustment: The input blob size is not equal to the network input size: got 97 expecting 48
2026-03-10 23:56:02 ERROR: (movement_coordinator.py): Failed to run AI for command: 'FL'

2026-03-10 23:56:02 WARNING: (internet.py): Encountering thread issues (thread exiting)!

2026-03-10 23:56:02 INFO: (control_logic.py): Received command 'w' from queue (WILL RUN).

2026-03-10 23:56:02 INFO: (inference) orientation (accel+gyro): [0.157958984375, -0.017333984375, -1.145751953125, 3.7251908396946565, 1.3129770992366412, -1.2900763358778626]
2026-03-10 23:56:02 ERROR: (inference.py): Failed to run blind gait adjustment: The input blob size is not equal to the network input size: got 97 expecting 48
2026-03-10 23:56:02 ERROR: (movement_coordinator.py): Failed to run AI for command: 'FL'

2026-03-10 23:56:02 WARNING: (internet.py): Encountering thread issues (thread exiting)!

2026-03-10 23:56:02 INFO: (control_logic.py): Received command 'w' from queue (WILL RUN).

2026-03-10 23:56:02 INFO: (inference) orientation (accel+gyro): [0.18603515625, -0.065185546875, -1.121337890625, 1.5648854961832062, -0.183206106870229, 0.183206106870229]
2026-03-10 23:56:02 ERROR: (inference.py): Failed to run blind gait adjustment: The input blob size is not equal to the network input size: got 97 expecting 48
2026-03-10 23:56:02 ERROR: (movement_coordinator.py): Failed to run AI for command: 'FL'

2026-03-10 23:56:02 WARNING: (internet.py): Encountering thread issues (thread exiting)!

2026-03-10 23:56:02 INFO: (control_logic.py): Received command 'w' from queue (WILL RUN).

2026-03-10 23:56:02 INFO: (inference) orientation (accel+gyro): [0.18310546875, 0.00537109375, -1.138427734375, -2.4656488549618323, 1.3587786259541985, 1.5419847328244274]
2026-03-10 23:56:02 ERROR: (inference.py): Failed to run blind gait adjustment: The input blob size is not equal to the network input size: got 97 expecting 48
2026-03-10 23:56:02 ERROR: (movement_coordinator.py): Failed to run AI for command: 'FL'

2026-03-10 23:56:02 WARNING: (internet.py): Encountering thread issues (thread exiting)!

2026-03-10 23:56:02 INFO: (control_logic.py): Received command 'w' from queue (WILL RUN).

2026-03-10 23:56:02 INFO: (inference) orientation (accel+gyro): [0.23291015625, 0.017578125, -1.049560546875, 4.3893129770992365, 1.549618320610687, 0.15267175572519084]
2026-03-10 23:56:02 ERROR: (inference.py): Failed to run blind gait adjustment: The input blob size is not equal to the network input size: got 97 expecting 48
2026-03-10 23:56:02 ERROR: (movement_coordinator.py): Failed to run AI for command: 'FL'

2026-03-10 23:56:03 WARNING: (internet.py): Encountering thread issues (thread exiting)!

2026-03-10 23:56:03 INFO: (control_logic.py): Received command 'w' from queue (WILL RUN).

2026-03-10 23:56:03 INFO: (inference) orientation (accel+gyro): [0.154296875, 0.157470703125, -1.0634765625, -3.145038167938931, -3.6946564885496183, -2.66412213740458]
2026-03-10 23:56:03 ERROR: (inference.py): Failed to run blind gait adjustment: The input blob size is not equal to the network input size: got 97 expecting 48
2026-03-10 23:56:03 ERROR: (movement_coordinator.py): Failed to run AI for command: 'FL'

2026-03-10 23:56:03 WARNING: (internet.py): Encountering thread issues (thread exiting)!

2026-03-10 23:56:03 INFO: (control_logic.py): Received command 'w' from queue (WILL RUN).

2026-03-10 23:56:03 INFO: (inference) orientation (accel+gyro): [0.126220703125, 0.25146484375, -1.055419921875, -2.4198473282442747, -4.0458015267175576, -2.648854961832061]
2026-03-10 23:56:03 ERROR: (inference.py): Failed to run blind gait adjustment: The input blob size is not equal to the network input size: got 97 expecting 48
2026-03-10 23:56:03 ERROR: (movement_coordinator.py): Failed to run AI for command: 'FL'

2026-03-10 23:56:03 WARNING: (internet.py): Encountering thread issues (thread exiting)!

2026-03-10 23:56:03 INFO: (control_logic.py): Received command 'n' from queue (BLOCKED).

2026-03-10 23:56:03 INFO: (physical_joints.py): Moving all legs to neutral position on physical robot...

2026-03-10 23:56:04 WARNING: (internet.py): Encountering thread issues (thread exiting)!

2026-03-10 23:56:04 INFO: (control_logic.py): Received command 'w' from queue (WILL RUN).

2026-03-10 23:56:04 INFO: (inference) orientation (accel+gyro): [-0.0146484375, -0.05810546875, -1.13330078125, 0.3816793893129771, 0.6564885496183206, 0.25190839694656486]
2026-03-10 23:56:04 ERROR: (inference.py): Failed to run blind gait adjustment: The input blob size is not equal to the network input size: got 97 expecting 48
2026-03-10 23:56:04 ERROR: (movement_coordinator.py): Failed to run AI for command: 'FL'

2026-03-10 23:56:04 WARNING: (internet.py): Encountering thread issues (thread exiting)!

2026-03-10 23:56:04 INFO: (control_logic.py): Received command 'w' from queue (WILL RUN).

2026-03-10 23:56:04 INFO: (inference) orientation (accel+gyro): [0.052490234375, -0.145263671875, -1.1123046875, -0.4580152671755725, 0.007633587786259542, 0.15267175572519084]
2026-03-10 23:56:04 ERROR: (inference.py): Failed to run blind gait adjustment: The input blob size is not equal to the network input size: got 97 expecting 48
2026-03-10 23:56:04 ERROR: (movement_coordinator.py): Failed to run AI for command: 'FL'

2026-03-10 23:56:05 WARNING: (internet.py): Encountering thread issues (thread exiting)!

2026-03-10 23:56:05 INFO: (control_logic.py): Received command 'w' from queue (WILL RUN).

2026-03-10 23:56:05 INFO: (inference) orientation (accel+gyro): [0.038330078125, -0.352783203125, -1.15478515625, 2.2748091603053435, -2.0610687022900764, 0.44274809160305345]
2026-03-10 23:56:05 ERROR: (inference.py): Failed to run blind gait adjustment: The input blob size is not equal to the network input size: got 97 expecting 48
2026-03-10 23:56:05 ERROR: (movement_coordinator.py): Failed to run AI for command: 'FL'

2026-03-10 23:56:05 WARNING: (internet.py): Encountering thread issues (thread exiting)!

2026-03-10 23:56:05 INFO: (control_logic.py): Received command 'w' from queue (BLOCKED).

2026-03-10 23:56:05 INFO: (physical_joints.py): Moving all legs to neutral position on physical robot...

2026-03-10 23:56:05 WARNING: (internet.py): Encountering thread issues (thread exiting)!

2026-03-10 23:56:05 INFO: (control_logic.py): Received command 'w' from queue (WILL RUN).

2026-03-10 23:56:05 INFO: (inference) orientation (accel+gyro): [0.111572265625, -0.196533203125, -1.054443359375, 0.3511450381679389, 2.7480916030534353, 1.297709923664122]
2026-03-10 23:56:05 ERROR: (inference.py): Failed to run blind gait adjustment: The input blob size is not equal to the network input size: got 97 expecting 48
2026-03-10 23:56:05 ERROR: (movement_coordinator.py): Failed to run AI for command: 'FL'

2026-03-10 23:56:05 WARNING: (internet.py): Encountering thread issues (thread exiting)!

2026-03-10 23:56:05 INFO: (control_logic.py): Received command 'w' from queue (WILL RUN).

2026-03-10 23:56:05 INFO: (inference) orientation (accel+gyro): [0.11865234375, -0.20458984375, -1.11669921875, 2.3740458015267176, -2.33587786259542, 0.5572519083969466]
2026-03-10 23:56:05 ERROR: (inference.py): Failed to run blind gait adjustment: The input blob size is not equal to the network input size: got 97 expecting 48
2026-03-10 23:56:05 ERROR: (movement_coordinator.py): Failed to run AI for command: 'FL'

2026-03-10 23:56:05 WARNING: (internet.py): Encountering thread issues (thread exiting)!

2026-03-10 23:56:05 INFO: (control_logic.py): Received command 'w' from queue (WILL RUN).

2026-03-10 23:56:05 INFO: (inference) orientation (accel+gyro): [0.066650390625, -0.12255859375, -1.10009765625, 0.1984732824427481, 2.49618320610687, -1.5877862595419847]
2026-03-10 23:56:05 ERROR: (inference.py): Failed to run blind gait adjustment: The input blob size is not equal to the network input size: got 97 expecting 48
2026-03-10 23:56:05 ERROR: (movement_coordinator.py): Failed to run AI for command: 'FL'

2026-03-10 23:56:05 WARNING: (internet.py): Encountering thread issues (thread exiting)!

2026-03-10 23:56:05 INFO: (control_logic.py): Received command 'w' from queue (WILL RUN).

2026-03-10 23:56:05 INFO: (inference) orientation (accel+gyro): [0.115478515625, -0.058349609375, -1.075439453125, 0.4732824427480916, -0.5343511450381679, -0.5267175572519084]
2026-03-10 23:56:05 ERROR: (inference.py): Failed to run blind gait adjustment: The input blob size is not equal to the network input size: got 97 expecting 48
2026-03-10 23:56:05 ERROR: (movement_coordinator.py): Failed to run AI for command: 'FL'

2026-03-10 23:56:05 WARNING: (internet.py): Encountering thread issues (thread exiting)!

2026-03-10 23:56:05 INFO: (control_logic.py): Received command 'w' from queue (WILL RUN).

2026-03-10 23:56:05 INFO: (inference) orientation (accel+gyro): [0.073974609375, 0.036865234375, -1.07080078125, 1.381679389312977, -2.16793893129771, -4.6183206106870225]
2026-03-10 23:56:05 ERROR: (inference.py): Failed to run blind gait adjustment: The input blob size is not equal to the network input size: got 97 expecting 48
2026-03-10 23:56:05 ERROR: (movement_coordinator.py): Failed to run AI for command: 'FL'

2026-03-10 23:56:05 WARNING: (internet.py): Encountering thread issues (thread exiting)!

2026-03-10 23:56:05 INFO: (control_logic.py): Received command 'w' from queue (WILL RUN).

2026-03-10 23:56:05 INFO: (inference) orientation (accel+gyro): [0.01318359375, 0.16796875, -1.116455078125, 0.5801526717557252, 1.9389312977099236, 0.44274809160305345]
2026-03-10 23:56:05 ERROR: (inference.py): Failed to run blind gait adjustment: The input blob size is not equal to the network input size: got 97 expecting 48
2026-03-10 23:56:05 ERROR: (movement_coordinator.py): Failed to run AI for command: 'FL'

2026-03-10 23:56:05 WARNING: (internet.py): Encountering thread issues (thread exiting)!

2026-03-10 23:56:05 INFO: (control_logic.py): Received command 'w' from queue (WILL RUN).

2026-03-10 23:56:05 INFO: (inference) orientation (accel+gyro): [0.0439453125, 0.2255859375, -1.085205078125, 1.2595419847328244, -0.48854961832061067, -1.0916030534351144]
2026-03-10 23:56:05 ERROR: (inference.py): Failed to run blind gait adjustment: The input blob size is not equal to the network input size: got 97 expecting 48
2026-03-10 23:56:05 ERROR: (movement_coordinator.py): Failed to run AI for command: 'FL'

2026-03-10 23:56:05 WARNING: (internet.py): Encountering thread issues (thread exiting)!

2026-03-10 23:56:05 INFO: (control_logic.py): Received command 'w' from queue (WILL RUN).

2026-03-10 23:56:05 INFO: (inference) orientation (accel+gyro): [0.002685546875, 0.2587890625, -1.0537109375, -3.045801526717557, -0.8091603053435115, -0.48854961832061067]
2026-03-10 23:56:05 WARNING: (internet.py): Encountering thread issues (thread exiting)!

2026-03-10 23:56:05 ERROR: (inference.py): Failed to run blind gait adjustment: The input blob size is not equal to the network input size: got 97 expecting 48
2026-03-10 23:56:05 ERROR: (movement_coordinator.py): Failed to run AI for command: 'FL'

2026-03-10 23:56:05 INFO: (control_logic.py): Received command 'n' from queue (BLOCKED).

2026-03-10 23:56:06 INFO: (physical_joints.py): Moving all legs to neutral position on physical robot...

